2006-05-06 17:14:41,365 INFO 'Concatenated quote: Grab potato chips, a wheelchair, and a blank disc, and meet me at the park!'
2006-05-06 17:14:44,440 INFO 'Concatenated quote: Grab a cherry pie, a wallet, and a clown, and meet me in Peru!'
2006-05-06 17:14:47,775 INFO 'Concatenated quote: Grab a moustache, a cactus, and a lab mouse, and meet me backstage!'
2006-05-06 17:15:20,852 INFO 'Concatenated quote: Grab a yo-yo, a laptop, and a python, and meet me at the studio!'
2006-05-06 17:15:31,247 INFO 'Concatenated quote: Grab a turkey, a cup of sugar, and a blank disc, and meet me at the Oscars!'
2006-05-06 17:15:38,088 INFO 'Concatenated quote: Grab a MySpace account, a clown, and a beaker, and meet me at the reservoir!'
2006-05-06 17:15:44,075 INFO 'Concatenated quote: Grab a wheelchair, a slice of cheese, and a spider, and meet me by the water tower!'
2006-05-06 17:15:50,474 INFO 'Concatenated quote: Grab whiteout, a pound of butter, and a passport, and meet me at the reservoir!'
2006-05-06 22:35:56,470 INFO 'Concatenated quote: Grab Saran Wrap, a football, and potato chips, and meet me at the reservoir!'
2006-05-06 22:40:19,638 INFO 'Concatenated quote: Grab a three-ring binder, Saran Wrap, and the Slime recipe, and meet me in Tokyo!'
2006-05-06 22:40:39,737 INFO 'Concatenated quote: Grab a wheelchair, the President, and a tube of glue, and meet me in Peru!'
2006-05-06 22:40:45,276 INFO 'Concatenated quote: Grab a turkey, milk and cookies, and a passport, and meet me at the Oscars!'
2006-05-06 22:41:00,727 INFO 'Concatenated quote: Grab a cane, a donut, and twenty-six cans of orange soda, and meet me by the water tower!'
2006-05-06 22:41:14,028 INFO 'Concatenated quote: Grab a laptop, a cherry pie, and a three-ring binder, and meet me at the airport!'
2006-05-06 22:41:19,275 INFO 'Concatenated quote: Grab a camcorder, a spider, and a cherry pie, and meet me by the water tower!'
2006-05-06 22:41:20,596 INFO 'Concatenated quote: Grab a football, a python, and a pound of butter, and meet me at the orange soda stand!'
2006-05-06 22:41:22,660 INFO 'Concatenated quote: Grab a moustache, a wallet, and a football, and meet me backstage!'
2006-05-06 22:41:25,283 INFO 'Concatenated quote: Grab a moustache, a ramp, and a passport, and meet me at the studio!'
2006-05-06 22:41:27,206 INFO 'Concatenated quote: Grab milk and cookies, a lampshade, and whiteout, and meet me at the Oscars!'
2006-05-06 22:41:28,688 INFO 'Concatenated quote: Grab eye of newt, the President, and a turkey, and meet me at the zoo!'
2006-05-06 22:41:30,591 INFO 'Concatenated quote: Grab a paint can, whiteout, and a slice of cheese, and meet me at the orange soda stand!'
2006-05-06 22:41:39,313 INFO 'Concatenated quote: Grab a bowl of chicken noodle soup, a buffalo, and a cactus, and meet me at the park!'
2006-05-06 22:41:59,191 INFO 'Concatenated quote: Grab a slice of cheese, a kangaroo, and a blank disc, and meet me in Tokyo!'
2006-05-06 22:42:00,424 INFO 'Concatenated quote: Grab the President, a football, and a laptop, and meet me at the White House!'
2006-05-06 22:42:26,461 INFO 'Concatenated quote: Grab a lampshade, a box of chocolates, and a camcorder, and meet me at the airport!'
2006-06-22 10:54:08,006 INFO 'Concatenated quote: Grab a donut, a paint can, and a laptop, and meet me at the zoo!'
2006-06-22 10:54:12,302 INFO 'Concatenated quote: Grab a laptop, a bowl of chicken noodle soup, and a springboard, and meet me at the airport!'
2006-06-22 10:54:16,368 INFO 'Concatenated quote: Grab a football, a laptop, and a ramp, and meet me in a phonebooth!'
2006-06-22 10:54:20,013 INFO 'Concatenated quote: Grab a cherry pie, a spider, and the President, and meet me in Peru!'
2006-06-22 10:54:25,411 INFO 'Concatenated quote: Grab a flashlight, a passport, and a moustache, and meet me at 5th and Main!'
2006-06-22 10:54:30,056 INFO 'Concatenated quote: Grab a kangaroo, a roll of duct tape, and a turkey, and meet me at the airport!'
2006-06-22 10:54:39,641 INFO 'Concatenated quote: Grab a glow worm, a picture frame, and a bowling ball, and meet me at the gas station!'
2006-06-22 10:54:44,548 INFO 'Concatenated quote: Grab a yo-yo, a laptop, and a glow worm, and meet me at the airport!'
2006-06-22 10:54:48,032 INFO 'Concatenated quote: Grab a cherry pie, eye of newt, and a paint can, and meet me at the zoo!'
2006-06-22 10:54:51,148 INFO 'Concatenated quote: Grab a roll of duct tape, a kangaroo, and a blank disc, and meet me in Tokyo!'
2006-06-22 10:54:53,280 INFO 'Concatenated quote: Grab a tube of glue, a bowl of chicken noodle soup, and a football, and meet me after English class!'
2006-06-22 10:54:56,595 INFO 'Concatenated quote: Grab a laptop, milk and cookies, and a paint can, and meet me at the bank!'
2006-06-22 10:55:02,584 INFO 'Concatenated quote: Grab a bowl of chicken noodle soup, a wallet, and a buffalo, and meet me in a phonebooth!'
2006-06-22 10:55:06,680 INFO 'Concatenated quote: Grab a football, a camcorder, and a flashlight, and meet me at www.chucknorrisfacts.com!'
2006-06-22 10:55:11,187 INFO 'Concatenated quote: Grab milk and cookies, a beaker, and a tricycle, and meet me at the airport!'
2006-06-22 10:55:14,921 INFO 'Concatenated quote: Grab a cactus, a camcorder, and a roll of duct tape, and meet me at the gas station!'
2006-06-22 10:55:17,635 INFO 'Concatenated quote: Grab a cup of sugar, a spider, and milk and cookies, and meet me at the Oscars!'
2006-12-07 22:37:08,013 INFO 'Concatenated quote: Grab a ramp, a roll of duct tape, and milk and cookies, and meet me in Tokyo!'
2006-12-07 22:37:15,201 INFO 'Concatenated quote: Grab a cactus, Saran Wrap, and a picture frame, and meet me by the water tower!'
2006-12-07 22:37:21,335 INFO 'Concatenated quote: Grab a spider, a laptop, and a ramp, and meet me at the White House!'
2007-01-30 21:20:24,786 INFO 'Concatenated quote: Grab a tube of glue, milk and cookies, and a cup of sugar, and meet me in a chatroom!'
2007-01-30 21:20:28,557 INFO 'Concatenated quote: Grab twenty-six cans of orange soda, a bowling ball, and a camcorder, and meet me at www.chucknorrisfacts.com!'
2007-01-30 21:20:30,882 INFO 'Concatenated quote: Grab milk and cookies, a roll of duct tape, and a picture frame, and meet me at the reservoir!'
2007-01-30 21:20:32,940 INFO 'Concatenated quote: Grab a yo-yo, a three-ring binder, and a cherry pie, and meet me in a phonebooth!'
2007-01-30 21:20:34,078 INFO 'Concatenated quote: Grab a laptop, a tricycle, and a three-ring binder, and meet me at the orange soda stand!'
2007-01-30 21:20:34,423 INFO 'Concatenated quote: Grab a kangaroo, a python, and a yo-yo, and meet me at 5th and Main!'
2007-01-30 21:20:34,711 INFO 'Concatenated quote: Grab a lab mouse, a bowling ball, and twenty-six cans of orange soda, and meet me at the bank!'
2007-01-30 21:20:38,789 INFO 'Concatenated quote: Grab a MySpace account, a pound of butter, and twenty-six cans of orange soda, and meet me backstage!'
2007-03-31 18:59:05,434 INFO 'Concatenated quote: Grab a wheelchair, a flashlight, and a buffalo, and meet me on Christmas!'
2007-03-31 18:59:13,150 INFO 'Concatenated quote: Grab a lampshade, a wallet, and whiteout, and meet me at the airport!'
2007-03-31 18:59:18,247 INFO 'Concatenated quote: Grab potato chips, a glow worm, and a cane, and meet me in a phonebooth!'
2007-03-31 18:59:29,702 INFO 'Concatenated quote: Grab a passport, a tube of glue, and twenty-six cans of orange soda, and meet me after English class!'
2007-03-31 18:59:38,558 INFO 'Concatenated quote: Grab a paint can, a lampshade, and a coloring book, and meet me on the corner!'
2007-03-31 18:59:41,854 INFO 'Concatenated quote: Grab a MySpace account, a springboard, and a cane, and meet me after English class!'
2007-03-31 18:59:48,590 INFO 'Concatenated quote: Grab a picture frame, a kangaroo, and a bowl of chicken noodle soup, and meet me after English class!'
2007-03-31 18:59:53,457 INFO 'Concatenated quote: Grab a pound of butter, Saran Wrap, and a pound of butter, and meet me backstage!'
2007-03-31 19:00:00,576 INFO 'Concatenated quote: Grab a box of chocolates, a coloring book, and the President, and meet me in a phonebooth!'
2007-03-31 19:00:15,302 INFO 'Concatenated quote: Grab a bowl of chicken noodle soup, a bowling ball, and a coloring book, and meet me on the corner!'
2007-03-31 19:00:21,622 INFO 'Concatenated quote: Grab a glow worm, a MySpace account, and a bowl of chicken noodle soup, and meet me at the reservoir!'
2007-03-31 19:00:25,702 INFO 'Concatenated quote: Grab a bucket, a turkey, and a buffalo, and meet me in Church!'
2007-03-31 19:00:31,030 INFO 'Concatenated quote: Grab a coloring book, a moustache, and a bowl of chicken noodle soup, and meet me in a phonebooth!'
2007-03-31 19:00:34,102 INFO 'Concatenated quote: Grab a cactus, a wheelchair, and a camcorder, and meet me at the airport!'
2007-03-31 19:00:41,022 INFO 'Concatenated quote: Grab a roll of duct tape, a wallet, and a glow worm, and meet me at the studio!'
2007-03-31 19:00:46,176 INFO 'Concatenated quote: Grab a bowl of chicken noodle soup, a beaker, and a newspaper, and meet me in Church!'
2007-03-31 19:00:51,943 INFO 'Concatenated quote: Grab a glow worm, a buffalo, and a bucket, and meet me after English class!'
2007-03-31 19:01:20,896 INFO 'Concatenated quote: Grab a tricycle, a camcorder, and Saran Wrap, and meet me at the park!'
2007-03-31 19:01:58,735 INFO 'Concatenated quote: Grab milk and cookies, a flashlight, and a spider, and meet me in Church!'
2007-03-31 19:02:03,078 INFO 'Concatenated quote: Grab a cup of sugar, eye of newt, and a bucket, and meet me at www.chucknorrisfacts.com!'
2007-03-31 19:02:05,430 INFO 'Concatenated quote: Grab the President, a wheelchair, and a turkey, and meet me in Church!'
2007-03-31 19:02:07,598 INFO 'Concatenated quote: Grab a donut, a bucket, and a spider, and meet me at the orange soda stand!'
2007-03-31 19:02:10,448 INFO 'Concatenated quote: Grab a picture frame, a glow worm, and a buffalo, and meet me in Peru!'
2007-03-31 19:02:15,742 INFO 'Concatenated quote: Grab a passport, a bucket, and a donut, and meet me at the orange soda stand!'
2007-03-31 19:02:17,998 INFO 'Concatenated quote: Grab a laptop, a roll of duct tape, and a tricycle, and meet me on the corner!'
2007-03-31 19:02:22,574 INFO 'Concatenated quote: Grab a cup of sugar, a moustache, and the President, and meet me at the orange soda stand!'
2007-03-31 19:02:28,014 INFO 'Concatenated quote: Grab a pound of butter, a kangaroo, and a coloring book, and meet me at the airport!'
2007-03-31 19:02:36,502 INFO 'Concatenated quote: Grab a lampshade, a buffalo, and a turkey, and meet me in Peru!'
2007-03-31 19:02:40,271 INFO 'Concatenated quote: Grab potato chips, a ramp, and eye of newt, and meet me at the bank!'
2007-03-31 19:17:20,253 INFO 'Concatenated quote: Grab your hat, a stop sign, and , and meet me at the reservoir!'
2007-03-31 19:18:08,147 INFO 'Concatenated quote: Grab twenty-six cans of orange soda, some stuff, and the Slime recipe, and meet me at the orange soda stand!'
2007-03-31 19:18:12,635 INFO 'Concatenated quote: Grab headphones, a bowl of chicken noodle soup, and the list, and meet me on the corner!'
2007-03-31 19:18:15,859 INFO 'Concatenated quote: Grab a bucket, soap and water, and a bowling ball, and meet me a Hoobastank concert!'
2007-03-31 19:18:18,163 INFO 'Concatenated quote: Grab a roll of tape, fresh clean spring water, and a mallet, and meet me at the grocery store!'
2007-03-31 19:18:30,451 INFO 'Concatenated quote: Grab a slice of cheese, Saran Wrap, and "Stupid", and meet me after you sell them!'
2007-03-31 19:19:25,676 INFO "Concatenated quote: Grab a mallet, a loudspeaker, and a cane, and meet me by the men's room!"
2007-03-31 19:19:28,387 INFO 'Concatenated quote: Grab a buffalo, Harry Potter, and a lampshade, and meet me in Karate class!'
2007-03-31 19:19:33,387 INFO 'Concatenated quote: Grab twenty-six cans of orange soda, milk and cookies, and a loudspeaker, and meet me in a phonebooth!'
2007-03-31 19:19:36,661 INFO 'Concatenated quote: Grab a bowl of chicken noodle soup, the President, and a loudspeaker, and meet me at the Star Trek convention!'
2007-03-31 19:19:39,963 INFO 'Concatenated quote: Grab a glow worm, a wheelchair, and a laptop, and meet me by the pool!'
2007-03-31 19:19:41,965 INFO 'Concatenated quote: Grab a loudspeaker, soap and water, and a pack of gum, and meet me after you sell them!'
2007-03-31 19:19:48,075 INFO 'Concatenated quote: Grab a box of tissue, a moustache, and a camcorder, and meet me at the flag pole!'
2007-03-31 19:20:13,974 INFO 'Concatenated quote: Grab an apple, a cactus, and potato chips, and meet me by the pool!'
2007-03-31 19:20:16,475 INFO 'Concatenated quote: Grab potato chips, a football, and a kangaroo, and meet me with or without your little friend!'
2007-03-31 19:20:26,739 INFO 'Concatenated quote: Grab a ramp, a camcorder, and a backpack, and meet me on AIM!'
2007-03-31 19:20:31,628 INFO 'Concatenated quote: Grab a wig, a flashlight, and a stop sign, and meet me at the Star Trek convention!'
2007-03-31 19:20:37,147 INFO 'Concatenated quote: Grab a flashlight, a cactus, and soap and water, and meet me France!'
2007-03-31 19:20:52,457 INFO 'Concatenated quote: Grab a passport, a spider, and milk and cookies, and meet me a Hoobastank concert!'
2007-03-31 19:20:54,291 INFO 'Concatenated quote: Grab some cash, the Slime recipe, and a paint can, and meet me on AIM!'
2007-03-31 19:20:56,516 INFO 'Concatenated quote: Grab a three-ring binder, a PSP, and a pound of butter, and meet me where we did the thing with the guy with the hair!'
2007-03-31 19:21:17,776 INFO 'Concatenated quote: Grab a lampshade, a backpack, and a springboard, and meet me after the sneak preview!'
2007-03-31 19:21:22,528 INFO 'Concatenated quote: Grab a verb, a newspaper, and a microwave, and meet me at the grocery store!'
2007-03-31 19:21:24,487 INFO 'Concatenated quote: Grab a blank disc, a giraffe, and a donut, and meet me on the phone!'
2007-03-31 19:21:31,775 INFO 'Concatenated quote: Grab a microwave, a verb, and Harry Potter, and meet me in the fourth grade, retard!'
2007-03-31 19:21:39,935 INFO 'Concatenated quote: Grab a lobster, a kangaroo, and a mallet, and meet me with or without your little friend!'
2007-03-31 19:21:42,791 INFO 'Concatenated quote: Grab a verb, a football, and markers, and meet me on Saturn!'
2007-03-31 19:21:44,471 INFO 'Concatenated quote: Grab fresh clean spring water, a buffalo, and a paint can, and meet me by the pool!'
2007-03-31 19:21:46,511 INFO 'Concatenated quote: Grab the Slime recipe, all of your Pokemon, and a box of tissue, and meet me in a year!'
2007-03-31 19:21:50,031 INFO 'Concatenated quote: Grab a tricycle, the list, and a beaker, and meet me below the bridge!'
2007-03-31 19:21:55,943 INFO 'Concatenated quote: Grab a verb, an owl, and a loudspeaker, and meet me on the corner!'
2007-03-31 19:21:58,839 INFO 'Concatenated quote: Grab a ramp, a passport, and a box of tissue, and meet me in a year!'
2007-03-31 19:22:03,335 INFO 'Concatenated quote: Grab a lab mouse, a slice of cheese, and some cash, and meet me at the reservoir!'
2007-03-31 19:22:07,055 INFO 'Concatenated quote: Grab some cash, a pound of butter, and a paint can, and meet me when your plane lands in Denver!'
2007-03-31 19:22:20,296 INFO 'Concatenated quote: Grab potato chips, a pound of butter, and a loudspeaker, and meet me with a towel on!'
2007-03-31 19:22:22,728 INFO 'Concatenated quote: Grab a bowl of chicken noodle soup, a camcorder, and headphones, and meet me at the Star Trek convention!'
2007-03-31 19:22:24,607 INFO 'Concatenated quote: Grab some stuff, a telescope, and a yo-yo, and meet me in Karate class!'
2007-03-31 19:22:26,103 INFO 'Concatenated quote: Grab a football, a laptop, and a cherry pie, and meet me in five minutes!'
2007-03-31 19:22:34,599 INFO 'Concatenated quote: Grab an apple, a YouTube account, and a donut, and meet me invisibly!'
2007-03-31 19:22:38,071 INFO 'Concatenated quote: Grab a bowling ball, a roll of duct tape, and a turkey, and meet me at Ruby Tuesday!'
2007-03-31 19:22:41,400 INFO 'Concatenated quote: Grab a radio, a flashlight, and sliced fruit, and meet me in five minutes!'
2011-07-30 15:39:13,682 INFO "Concatenated quote: Grab a flagpole, potato chips, and markers, and meet me by the men's room!"
2013-05-30 14:24:42,772 INFO 'Concatenated quote: Grab a moustache, a blank disc, and a box of tissue, and meet me at the zoo!'
2013-05-30 14:24:45,535 INFO 'Concatenated quote: Grab a three-ring binder, Harry Potter, and a cherry pie, and meet me at the Oscars!'
